ldi->LID   fileprefix    onefilesize    oneLIDsize    single_num    single_offset     file_size
                                  (null) 183          MP25           182           180             1            30           212
                                  (null) 185          MP27            46            44             2           212           258
                                  (null) 186          MP29            62            60             3           258           320
                                  (null) 121          MT0X             8             6             4           320           328
                                  (null) 123          MT0Z            42            40             5           328           370
                                  (null) 155          MT41            72            34             6           370           442
                                  (null) 156          MT42            18            16             7           442           460
                                  (null) 157          MT43            84            40             8           460           544
                                  (null) 158          MT44            16             6             9           544           560
                                  (null) 159          MT45            22            20            10           560           582
                                  (null) 160          MT46           116           114            11           582           698
                                  (null) 147          MT48           270           268            12           698           968
                                  (null) 148          MT49             4             2            13           968           972
                                  (null) 149          MT4A            54            52            14           972          1026
                                  (null) 151          MT4C             4             2            15          1026          1030
                                  (null) 152          MT4D            10             8            16          1030          1040
                                  (null) 125          MT17            18            16            17          1040          1058
                                  (null) 126          MT18           180            16            18          1058          1238
                                  (null) 127          MT19            18            16            19          1238          1256
                                  (null) 171          MT35             3             1            20          1256          1259
                                  (null) 138          MT67           442           440            21          1259          1701
                                  (null) 139          MT68           242           240            22          1701          1943
                                  (null) 140          MT69           218           216            23          1943          2161
                                  (null) 141          MT6D            50            48            24          2161          2211
                                  (null) 164          MT6G            40            38            25          2211          2251
                                  (null) 167          MT6I            62            60            26          2251          2313
                                  (null) 173          MT6K           200             8            27          2313          2513
                                  (null) 177          MT6S             9             7            28          2513          2522
                                  (null) 168          MT6U             6             4            29          2522          2528
                                  (null) 180          MT72             3             1            30          2528          2531
                                  (null) 187          ATPR            31            29            31          2531          2562
                                  (null) 188          MT74             5             3            32          2562          2567
                                  (null)2816          TP00            28            26            33          2567          2595
