hal\video\video_sec\common\src\h264_hw_decoder_component_v2.c
hal\video\video_sec\common\src\mjpeg_decoder_component_v2.c
hal\video\video_sec\common\src\mjpeg_encoder_component_v2.c
hal\video\video_sec\common\src\mp4_decore_v2.c
hal\video\video_sec\common\src\mp4_rc_v2.c
hal\video\video_sec\common\src\mpeg4_hw_decoder_component_v2.c
hal\video\video_sec\common\src\mpeg4_hw_encoder_component_v2.c
hal\video\video_sec\common\src\mpeg4_hw_encore_v2.c
hal\video\video_sec\common\src\video_OAL_v2.c
hal\video\video_sec\common\src\video_codec_log.c
hal\video\video_sec\common\src\video_codec_schedule_control.c
hal\video\video_sec\common\src\video_decoder_common_adapter_v2.c
hal\video\video_sec\common\src\video_decscheduler_component_v2.c
hal\video\video_sec\common\src\video_encoder_common_adapter_v2.c
hal\video\video_sec\common\src\video_recorder_source_component_v2.c
hal\video\video_sec\common\src\yuv_encoder_component_v2.c
hal\video\video_sec\decoder\src\video_codec_buffer_mgr_v2.c
hal\video\video_sec\decoder\src\video_decoder_component_v2.c
hal\video\video_sec\decoder\src\video_decoder_isolation_v2.c
hal\video\video_sec\encoder\src\video_encoder_auxiliary_v2.c
hal\video\video_sec\encoder\src\video_encoder_component_v2.c
