bcm\adp\src\bcm_event_handler.c
bcm\adp\src\bcmadp.c
bcm\adp\src\comm_post_event.c
bcm\bcm_create.c
bcm\bcm_init.c
bcm\bcm_main.c
bcm\ble_profiles\bcm_GattSrv.c
bcm\ble_profiles\fmp\fmpt\src\bcm_FmptApp.c
bcm\ble_profiles\fmp\fmpt\src\bcm_FmptSrv.c
bcm\ble_profiles\gattc\src\bcm_GattcCmd.c
bcm\ble_profiles\gattc\src\bcm_GattcSrv.c
bcm\ble_profiles\gatts\src\bcm_GattServicesFactorySrv.c
bcm\ble_profiles\gatts\src\bcm_GattsCmd.c
bcm\ble_profiles\gatts\src\bcm_GattsSrv.c
bcm\ble_profiles\pxp\prxr\src\bcm_PrxrApp.c
bcm\ble_profiles\pxp\prxr\src\bcm_PrxrSrv.c
bcm\ble_profiles\track\track_ble_gatt.c
bcm\ble_profiles\track\track_ble_gb.c
bcm\ble_profiles\track\track_ble_nf2318.c
bcm\ble_profiles\track\track_ble_qb.c
bcm\ble_profiles\track\track_fun_AES.c
bcm\ble_profiles\track\track_fun_XxTEA.c
bcm\cm\src\bcm_btcmApp.c
bcm\cm\src\bcm_btcmCmd.c
bcm\cm\src\bcm_btcmSrvInterface.c
bcm\cm\src\bcm_btcmSrvMain.c
bcm\cm\src\bcm_btcmSrvPrmt.c
bcm\cm\src\bcm_btcmUtility.c
bcm\profile\spp\src\BcmSppSrv.c
bcm\profile\spp\src\bcmSppUtility.c
bcm\profile\spp\src\bcm_spp_app.c
