hal\mdp\src\idp_bus_monitor.c
hal\mdp\src\idp_cal.c
hal\mdp\src\idp_core.c
hal\mdp\src\idp_core_internal.c
hal\mdp\src\idp_img_rot_flip.c
hal\mdp\src\idp_mem.c
hal\mdp\src\idp_sw_yuv420_2_uyvy422_resizer.c
hal\mdp\src\idp_sw_yuv_2_rgb_dithering.c
hal\mdp\src\idp_val.c
hal\mdp\src\image_effect_post.c
hal\mdp\src\mt6252\idp_engines_mt6252.c
hal\mdp\src\mt6252\idp_hisr_mt6252.c
hal\mdp\src\mt6252\idp_hw\idp_imgdma_mt6252.c
hal\mdp\src\mt6252\idp_hw\idp_imgdma_rotdma0_mt6252.c
hal\mdp\src\mt6252\idp_hw\idp_resz_crz_mt6252.c
hal\mdp\src\mt6252\idp_hw\idp_resz_mt6252.c
hal\mdp\src\mt6252\idp_scen_common_mt6252.c
hal\mdp\src\mt6252\idp_scen_cp_mt6252.c
hal\mdp\src\mt6252\idp_scen_ic_jpeg_mt6252.c
hal\mdp\src\mt6252\idp_scen_ir_mt6250.c
hal\mdp\src\mt6252\idp_scen_vp_mt6252.c
hal\mdp\src\mt6252\idp_scen_vr_mt6252.c
hal\mdp\src\unit_test_rgb565_120x90.c
hal\mdp\src\unit_test_rgb888_80x80.c
hal\mdp\src\unit_test_yuv420_80x96_h264.c
