hal\system\AP_BtSS\src\AP_BtSS.c
hal\system\CBR\src\cbr.c
hal\system\CBR\src\cbr_util.c
hal\system\DP\src\fault.c
hal\system\FTL\src\FTL.c
hal\system\GFH\public\br_GFH_file_info.c
hal\system\GFH\public\br_GFH_parser.c
hal\system\GFH\public\maui_GFH_body.c
hal\system\cache\src\cache.c
hal\system\cache\src\cp15.s
hal\system\cirq\src\ADIE_Eint.c
hal\system\cirq\src\ADIE_intrCtrl.c
hal\system\cirq\src\Eint.c
hal\system\cirq\src\intrCtrl.c
hal\system\cirq\src\irq.s
hal\system\cirq\src\isrentry.c
hal\system\compression\src\code_decompression_hal.c
hal\system\compression\src\viva.c
hal\system\counter\src\uscounter.c
hal\system\csci\src\AP_CSCI_dynamic.c
hal\system\dcm\src\dcm.c
hal\system\dcm\src\dcm_service.c
hal\system\dcm\src\sleep.c
hal\system\dcmgr\src\dcmgr_pl.c
hal\system\dma\src\dma.c
hal\system\emi\src\emi.c
hal\system\excep_hdlr\src\excep_hdlr.c
hal\system\init\src\arm_unaligned.s
hal\system\init\src\armlibc_rt.c
hal\system\init\src\armlibc_rt_heap.c
hal\system\init\src\armlibc_rt_io.c
hal\system\init\src\boot_cert_pattern.c
hal\system\init\src\bootarm.s
hal\system\init\src\idle_task.c
hal\system\init\src\info.c
hal\system\init\src\init.c
hal\system\init\src\init_comm.c
hal\system\init\src\init_trc.c
hal\system\init\src\misc.s
hal\system\init\src\nfb_loader.c
hal\system\init\src\third_rom_res.c
hal\system\pdn\src\pdn.c
hal\system\pdn\src\pdnoldarch.c
hal\system\pll\src\pll.c
hal\system\pmu\src\arm11_pmu_montr.c
hal\system\region\src\init_memory_stack.c
hal\system\region\src\regioninit_ads.s
hal\system\region\src\stack.s
hal\system\timer\src\event_timer.c
