track\at\at_src\track_at.c
track\at\at_src\track_at_call.c
track\at\at_src\track_at_context.c
track\at\at_src\track_at_sim.c
track\at\at_src\track_at_sms.c
track\cmd\cmd_src\track_cmd.c
track\cmd\cmd_src\track_cmd_action.c
track\cmd\cmd_src\track_cmd_factory_test.c
track\cust\cust_src\Track_cust_fall_down.c
track\cust\cust_src\track_cust_SIM_ChinaUnicom.c
track\cust\cust_src\track_cust_agps.c
track\cust\cust_src\track_cust_audio.c
track\cust\cust_src\track_cust_backup.c
track\cust\cust_src\track_cust_bt.c
track\cust\cust_src\track_cust_cmd.c
track\cust\cust_src\track_cust_download_http.c
track\cust\cust_src\track_cust_filter.c
track\cust\cust_src\track_cust_gps.c
track\cust\cust_src\track_cust_gps_filter.c
track\cust\cust_src\track_cust_gpsmode.c
track\cust\cust_src\track_cust_http_file.c
track\cust\cust_src\track_cust_key.c
track\cust\cust_src\track_cust_lcd.c
track\cust\cust_src\track_cust_led.c
track\cust\cust_src\track_cust_main.c
track\cust\cust_src\track_cust_module_GPRS_block.c
track\cust\cust_src\track_cust_module_SOS.c
track\cust\cust_src\track_cust_module_alarm.c
track\cust\cust_src\track_cust_module_blind.c
track\cust\cust_src\track_cust_module_fakecell.c
track\cust\cust_src\track_cust_module_fence.c
track\cust\cust_src\track_cust_module_get_addr.c
track\cust\cust_src\track_cust_module_low_power.c
track\cust\cust_src\track_cust_module_mcu.c
track\cust\cust_src\track_cust_module_motor_lock.c
track\cust\cust_src\track_cust_module_obd.c
track\cust\cust_src\track_cust_module_obd2.c
track\cust\cust_src\track_cust_module_obd_atech.c
track\cust\cust_src\track_cust_module_obd_srd.c
track\cust\cust_src\track_cust_module_oil_cut.c
track\cust\cust_src\track_cust_module_oil_detection.c
track\cust\cust_src\track_cust_module_power_fails.c
track\cust\cust_src\track_cust_module_shocks.c
track\cust\cust_src\track_cust_module_sms_relay.c
track\cust\cust_src\track_cust_module_spatial_displacement.c
track\cust\cust_src\track_cust_module_speed_limit.c
track\cust\cust_src\track_cust_net.c
track\cust\cust_src\track_cust_net_server.c
track\cust\cust_src\track_cust_net_server_file.c
track\cust\cust_src\track_cust_netlog.c
track\cust\cust_src\track_cust_nvram.c
track\cust\cust_src\track_cust_other.c
track\cust\cust_src\track_cust_paket.c
track\cust\cust_src\track_cust_sensor.c
track\cust\cust_src\track_cust_sim_backup.c
track\cust\cust_src\track_cust_smartBms.c
track\cust\cust_src\track_cust_status.c
track\cust\cust_src\track_cust_timezone_auto.c
track\cust\cust_src\track_cust_ussd.c
track\cust\cust_src\track_cust_wifi.c
track\drv\drv_src\Track_drv_network_license.c
track\drv\drv_src\track_drv.c
track\drv\drv_src\track_drv_audio.c
track\drv\drv_src\track_drv_ble.c
track\drv\drv_src\track_drv_bt.c
track\drv\drv_src\track_drv_eint_gpio.c
track\drv\drv_src\track_drv_gps_decode.c
track\drv\drv_src\track_drv_gps_drive.c
track\drv\drv_src\track_drv_gps_epo.c
track\drv\drv_src\track_drv_key.c
track\drv\drv_src\track_drv_lbs_data.c
track\drv\drv_src\track_drv_lcd.c
track\drv\drv_src\track_drv_led.c
track\drv\drv_src\track_drv_mcu_sw_update.c
track\drv\drv_src\track_drv_pmu.c
track\drv\drv_src\track_drv_rs485.c
track\drv\drv_src\track_drv_sensor.c
track\drv\drv_src\track_drv_smartBms.c
track\drv\drv_src\track_drv_system_interface.c
track\drv\drv_src\track_drv_system_param.c
track\drv\drv_src\track_drv_test_pcba.c
track\drv\drv_src\track_drv_uart.c
track\drv\drv_src\track_drv_uart1_mux.c
track\drv\drv_src\track_drv_watch_dog.c
track\drv\drv_src\track_drv_wifi.c
track\fun\fun_src\c_RamBuffer.c
track\fun\fun_src\c_string.c
track\fun\fun_src\c_vector.c
track\fun\fun_src\track_fun_AES.c
track\fun\fun_src\track_fun_RSA.c
track\fun\fun_src\track_fun_SHA.c
track\fun\fun_src\track_fun_XxTEA.c
track\fun\fun_src\track_fun_cJSON.c
track\fun\fun_src\track_fun_common.c
track\fun\fun_src\track_fun_compress.c
track\fun\fun_src\track_fun_crc.c
track\fun\fun_src\track_fun_des.c
track\os\os_src\track_os_ell.c
track\os\os_src\track_os_file.c
track\os\os_src\track_os_log.c
track\os\os_src\track_os_main.c
track\os\os_src\track_os_paramete.c
track\os\os_src\track_os_timer.c
track\project\JM10\src\track_project_cmd.c
track\project\JM10\src\track_project_main.c
track\soc\soc_src\track_soc.c
track\soc\soc_src\track_soc_Lcon.c
track\soc\soc_src\track_soc_apn.c
