Compiling hal\peripheral\src\dcl_pwm.c ... 
"custom/codegen/GXQ03D_M2M_11C_BB/pwm_drv.h", line 35: Warning:  #47-D: incompatible redefinition of macro "DCL_NONE" (declared at line 32)
  #define DCL_NONE   DCL_PWM4
          ^
"hal\peripheral\src\dcl_pwm.c", line 91: Warning:  #144-D: a value of type "DCL_STATUS (*)(DCL_HANDLE, DCL_CTRL_CMD, DCL_CTRL_DATA_T *)" cannot be used to initialize an entity of type "DCL_STATUS (*)(DCL_HANDLE, DCL_CTRL_CMD, void *)"
  											DclPWM_Control,    /*control*/ 
  											^
"hal\peripheral\src\dcl_pwm.c", line 212: Warning:  #177-D: variable "savedMask" was declared but never referenced
     kal_uint32 savedMask;
                ^
"hal\peripheral\src\dcl_pwm.c", line 281: Warning:  #111-D: statement is unreachable
  			break;
  			^
"hal\peripheral\src\dcl_pwm.c", line 287: Warning:  #111-D: statement is unreachable
  			break;
  			^
"hal\peripheral\src\dcl_pwm.c", line 292: Warning:  #111-D: statement is unreachable
  			break;
  			^
"hal\peripheral\src\dcl_pwm.c", line 297: Warning:  #111-D: statement is unreachable
  			break;
  			^
"hal\peripheral\src\dcl_pwm.c", line 302: Warning:  #111-D: statement is unreachable
  			break;
  			^
"hal\peripheral\src\dcl_pwm.c", line 309: Warning:  #940-D: missing return statement at end of non-void function "DclPWM_Extra_Open"
  }
  ^
"hal\peripheral\src\dcl_pwm.c", line 340: Warning:  #177-D: variable "savedMask" was declared but never referenced
     kal_uint32 savedMask;
                ^
"hal\peripheral\src\dcl_pwm.c", line 417: Warning:  #188-D: enumerated type mixed with another type
          comm_pwm_driver->pwmClkInit( iPWMNum,rPWMConfig->clksrc,rPWMConfig->clkdiv);
                                               ^
"hal\peripheral\src\dcl_pwm.c", line 417: Warning:  #188-D: enumerated type mixed with another type
          comm_pwm_driver->pwmClkInit( iPWMNum,rPWMConfig->clksrc,rPWMConfig->clkdiv);
                                                                  ^
"hal\peripheral\src\dcl_pwm.c", line 589: Warning:  #188-D: enumerated type mixed with another type
              comm_pwm_driver->pwmClkInit(iPWMNum,pdata->source_clk,pdata->source_clk_div);
                                                  ^
"hal\peripheral\src\dcl_pwm.c", line 589: Warning:  #188-D: enumerated type mixed with another type
              comm_pwm_driver->pwmClkInit(iPWMNum,pdata->source_clk,pdata->source_clk_div);
                                                                    ^
"hal\peripheral\src\dcl_pwm.c", line 474: Warning:  #550-D: variable "iPWMMap" was set but never used
     kal_uint32  iPWMMap;
                 ^
hal\peripheral\src\dcl_pwm.c: 15 warnings, 0 errors
