Media\common\src\bytestream_hw.c
media\audio\src\aud_api.c
media\audio\src\aud_audio.c
media\audio\src\aud_bt_a2dp.c
media\audio\src\aud_build_cache.c
media\audio\src\aud_daf_parser.c
media\audio\src\aud_fmradio.c
media\audio\src\aud_id3_parser.c
media\audio\src\aud_ilm.c
media\audio\src\aud_input_stream.c
media\audio\src\aud_keytone.c
media\audio\src\aud_main.c
media\audio\src\aud_media.c
media\audio\src\aud_melody.c
media\audio\src\aud_mma.c
media\audio\src\aud_player_media.c
media\audio\src\aud_player_mma.c
media\audio\src\aud_player_mpl.c
media\audio\src\aud_post_process.c
media\audio\src\aud_record.c
media\audio\src\aud_recorder_media.c
media\audio\src\aud_snd.c
media\audio\src\aud_speech.c
media\audio\src\aud_tone.c
media\audio\src\aud_utility.c
media\common\src\med_api.c
media\common\src\med_ext_smalloc.c
media\common\src\med_ilm.c
media\common\src\med_int_smalloc.c
media\common\src\med_main.c
media\common\src\med_utility.c
media\common\src\med_v_main.c
media\image\src\img_api.c
media\image\src\img_ilm.c
media\image\src\img_main.c
media\image\src\img_msg_handler.c
media\metatag\src\ape_parser.c
media\metatag\src\id3_v1_parser.c
media\metatag\src\id3_v2_parser.c
media\metatag\src\lyrics_parser.c
media\metatag\src\meta_tag_api.c
media\metatag\src\meta_tag_parser.c
media\video\src\vid_api.c
media\video\src\vid_clipper_msg_handler.c
media\video\src\vid_ilm.c
media\video\src\vid_main.c
media\video\src\vid_msg_handler.c
media\video\src\vid_msg_handler_modis.c
media\video\src\vid_recorder_msg_handler.c
media\webcam\src\webcam_api.c
media\webcam\src\webcam_ilm.c
media\webcam\src\webcam_main.c
media\webcam\src\webcam_msg_handler.c
