custom\codegen\GXQ03D_M2M_11C_BB\gpio_var.c
custom\common\hal\combo_flash_init.c
custom\common\hal\combo_flash_nor.c
custom\common\hal\custom_SNAND.c
custom\common\hal\custom_flash.c
custom\common\hal\custom_sfi.c
custom\drv\common_drv\gpio_setting.c
custom\drv\common_drv\nld_central_ctrl.c
custom\drv\common_drv\pwic_cust.c
custom\drv\misc_drv\_DEFAULT_BB\MT6261\custom_hw_default.c
custom\drv\misc_drv\_DEFAULT_BB\MT6261\gpio_drv.c
custom\drv\misc_drv\_DEFAULT_BB\MT6261\keypad_def.c
custom\drv\misc_drv\_DEFAULT_BB\MT6261\pmu_custom.c
custom\drv\misc_drv\_DEFAULT_BB\MT6261\usb_custom.c
custom\system\GXQ03D_M2M_11C_BB\custom_blconfig.c
custom\system\GXQ03D_M2M_11C_BB\custom_img_config.c
hal\peripheral\src\bmt_bl_chr_setting.c
hal\peripheral\src\bmt_hw.c
hal\peripheral\src\dcl_f32k_clk.c
hal\peripheral\src\dcl_gpio.c
hal\peripheral\src\dcl_pmu.c
hal\peripheral\src\dcl_pmu6261.c
hal\peripheral\src\dcl_pmu6261_init.c
hal\peripheral\src\dcl_pmu_common.c
hal\peripheral\src\dcl_pwm.c
hal\peripheral\src\dcl_rtc.c
hal\peripheral\src\f32k_clk.c
hal\peripheral\src\gpio.c
hal\peripheral\src\keypad_bl.c
hal\peripheral\src\lpwr.c
hal\peripheral\src\pwm.c
hal\peripheral\src\rtc.c
hal\peripheral\src\sw_keypad.c
hal\storage\flash\mtd\src\SPI_NAND_DAL.c
hal\storage\flash\mtd\src\SPI_NAND_DevConfig.c
hal\storage\flash\mtd\src\SPI_NAND_MTD_FDM50.c
hal\storage\flash\mtd\src\bl_STT_SF.c
hal\storage\flash\mtd\src\flash_cfi.c
hal\storage\flash\mtd\src\flash_disk.c
hal\storage\flash\mtd\src\flash_mtd.amd.c
hal\storage\flash\mtd\src\flash_mtd.c
hal\storage\flash\mtd\src\flash_mtd.intel.c
hal\storage\flash\mtd\src\flash_mtd_pf_dal.c
hal\storage\flash\mtd\src\flash_mtd_sf_common.c
hal\storage\flash\mtd\src\flash_mtd_sf_dal.c
hal\system\CBR\src\CBR.c
hal\system\CBR\src\cbr_util.c
hal\system\GFH\public\br_GFH_file_info.c
hal\system\GFH\public\br_GFH_parser.c
hal\system\bootloader\src\bl_Alg.c
hal\system\bootloader\src\bl_BOOTARM.s
hal\system\bootloader\src\bl_Cache.c
hal\system\bootloader\src\bl_DBGPRINT.c
hal\system\bootloader\src\bl_FOTA.c
hal\system\bootloader\src\bl_FTL.c
hal\system\bootloader\src\bl_FUNET.c
hal\system\bootloader\src\bl_GFH_body.c
hal\system\bootloader\src\bl_ImageLoader.c
hal\system\bootloader\src\bl_ImageLoaderCommon.c
hal\system\bootloader\src\bl_ImageLoader_v5.c
hal\system\bootloader\src\bl_Init.c
hal\system\bootloader\src\bl_Main.c
hal\system\bootloader\src\bl_NFI.c
hal\system\bootloader\src\bl_NFI_V3.c
hal\system\bootloader\src\bl_NFI_V31.c
hal\system\bootloader\src\bl_SNAND_V2.c
hal\system\bootloader\src\bl_UART.c
hal\system\bootloader\src\bl_Update.c
hal\system\bootloader\src\bl_gfh_body.c
hal\system\bootloader\src\bl_imageloader_v5.c
hal\system\bootloader\src\bl_pdn.c
hal\system\bootloader\src\bl_portingfunc.c
hal\system\bootloader\src\bl_regioninit.s
hal\system\bootloader\src\bl_verno.c
hal\system\bootloader\src\drv_comm_bl.c
hal\system\bootloader\src\lcd_display.c
hal\system\bootloader\src\msdc_adap_bl.c
hal\system\bootloader\src\msdc_dma_bl.c
hal\system\bootloader\src\pmic_adpt_bl.c
hal\system\bootloader\src\usbdl_debug_tool.c
hal\system\bootloader\src\usbdl_pmu.c
hal\system\bootloader\src\usbdl_upll.c
hal\system\bootloader\src\usbdl_usb.c
hal\system\bootloader\src\usbdl_usb_drv.c
hal\system\bootloader\src\usbdl_usb_resource.c
hal\system\bootloader\src\usbdl_usbacm_adap.c
hal\system\bootloader\src\usbdl_usbacm_drv.c
hal\system\cache\src\cache.c
hal\system\cache\src\cp15.s
hal\system\emi\src\emi.c
hal\system\init\src\arm_unaligned.s
hal\system\init\src\init_comm.c
hal\system\pdn\src\pdn.c
hal\system\pdn\src\pdnoldarch.c
