custom\app\GXQ03D_M2M_11C_BB\custom_mmi_cache_config.c
custom\app\GXQ03D_M2M_11C_BB\nvram_user_config.c
custom\app\GXQ03D_M2M_11C_BB\nvram_user_custpack.c
custom\app\GXQ03D_M2M_11C_BB\resource_custpack_jtbl.c
custom\atci\src\rmmi_ats.c
custom\atci\src\rmmi_msgbased_at.c
custom\atci\src\rmmi_validator_custom_op01.c
custom\atci\src\rmmi_validator_custom_tc01.c
custom\audio\GXQ03D_M2M_11C_BB\afe.c
custom\audio\GXQ03D_M2M_11C_BB\audcoeff.c
custom\audio\GXQ03D_M2M_11C_BB\nvram_default_audio.c
custom\audio\_DEFAULT_BB\MT6261\NS953_SerialComm.c
custom\audio\_DEFAULT_BB\MT6261\TEA5761UK.c
custom\audio\_DEFAULT_BB\MT6261\TEA5767HN.c
custom\audio\_DEFAULT_BB\MT6261\i2s_input_drv.c
custom\codegen\GXQ03D_M2M_11C_BB\adc_var.c
custom\codegen\GXQ03D_M2M_11C_BB\codegen.dws
custom\codegen\GXQ03D_M2M_11C_BB\codegen_EL100.dws
custom\codegen\GXQ03D_M2M_11C_BB\codegen_ET310.dws
custom\codegen\GXQ03D_M2M_11C_BB\codegen_JM10.dws
custom\codegen\GXQ03D_M2M_11C_BB\codegen_NF2318.dws
custom\codegen\GXQ03D_M2M_11C_BB\codegen_NF2319.dws
custom\codegen\GXQ03D_M2M_11C_BB\codegen_NT13V.dws
custom\codegen\GXQ03D_M2M_11C_BB\codegen_NT17.dws
custom\codegen\GXQ03D_M2M_11C_BB\codegen_NT55.dws
custom\codegen\GXQ03D_M2M_11C_BB\codegen_QB200.dws
custom\codegen\GXQ03D_M2M_11C_BB\eint_var.c
custom\codegen\GXQ03D_M2M_11C_BB\gpio_var.c
custom\codegen\GXQ03D_M2M_11C_BB\gpio_var_v2.c
custom\codegen\GXQ03D_M2M_11C_BB\pmic_drv.c
custom\codegen\GXQ03D_M2M_11C_BB\uem_drv.c
custom\common\CharsetTable.c
custom\common\Conversions.c
custom\common\PLUTO_MMI\common_mmi_cache_config.c
custom\common\PLUTO_MMI\custom_events_notify.c
custom\common\PLUTO_MMI\nvram_common_config.c
custom\common\PLUTO_MMI\nvram_common_custpack.c
custom\common\PLUTO_MMI\nvram_custpack_table.c
custom\common\PLUTO_MMI\nvram_default_value.c
custom\common\audio_nvram_def.c
custom\common\bt_cust.c
custom\common\certman_cert_config.c
custom\common\certman_gadget_certs.c
custom\common\cust_ocsp.c
custom\common\custom_abm_config.c
custom\common\custom_cloud_config.c
custom\common\custom_config_account.c
custom\common\custom_data_account.c
custom\common\custom_dcd.c
custom\common\custom_fdn.c
custom\common\custom_fm.c
custom\common\custom_gadget_config.c
custom\common\custom_imps_config.c
custom\common\custom_imps_cust.c
custom\common\custom_kuro_config.c
custom\common\custom_mbbms.c
custom\common\custom_ntp_config.c
custom\common\custom_nvram_config.c
custom\common\custom_sns_config.c
custom\common\custom_sso_config.c
custom\common\custom_tcpip_wifi.c
custom\common\custom_uc_config.c
custom\common\custom_ussd.c
custom\common\custom_videocall.c
custom\common\custom_voip_config.c
custom\common\custom_vrender.c
custom\common\custom_wap_config.c
custom\common\custom_wap_cust_pack.c
custom\common\custom_wlan_ui_config.c
custom\common\customer_email_num.c
custom\common\custpack_certs.c
custom\common\custpack_java_certs.c
custom\common\dm_common_customize.c
custom\common\fmr_config_customize.c
custom\common\fs_quota.c
custom\common\hal\adc_nvram_def.c
custom\common\hal\apm_TaskDef.c
custom\common\hal\aud_I2S_config.c
custom\common\hal\aud_common.c
custom\common\hal\brt_drv_init.c
custom\common\hal\bt_common_config.c
custom\common\hal\camera_nvram_def.c
custom\common\hal\combo_flash_init.c
custom\common\hal\combo_flash_nor.c
custom\common\hal\custom_EMI_MT6250.c
custom\common\hal\custom_EMI_MT6255.c
custom\common\hal\custom_EMI_MT6256.c
custom\common\hal\custom_EMI_MT6260.c
custom\common\hal\custom_EMI_MT6261.c
custom\common\hal\custom_EMI_SP.c
custom\common\hal\custom_SFI.c
custom\common\hal\custom_SNAND.c
custom\common\hal\custom_flash.c
custom\common\hal\custom_flash_norfdm5.c
custom\common\hal\custom_video.c
custom\common\hal\ft_bt_customize.c
custom\common\hal\ft_cct_customize.c
custom\common\hal\gps_common_config.c
custom\common\hal\meta_customize.c
custom\common\hal\nvram\custom_nvram_cat.c
custom\common\hal\nvram\custom_nvram_int_config.c
custom\common\hal\nvram\custom_nvram_restore.c
custom\common\hal\nvram\custom_nvram_sec.c
custom\common\hal\nvram\custom_nvram_secro.c
custom\common\hal\nvram\custom_nvram_secro_tbl.c
custom\common\hal\nvram\nvram_cust_pack.c
custom\common\hal\nvram\nvram_custpack_table_lid.c
custom\common\hal\nvram\nvram_data_items.c
custom\common\hal\touchpanel_nvram_def.c
custom\common\hal\wifi_common_config.c
custom\common\hal_public\custom_ecc.c
custom\common\hal_public\custom_rec_config.c
custom\common\mmi_gps_nvram_def.c
custom\common\mmi_msg_context.c
custom\common\ps\ata_at_command_customer_hdlr.c
custom\common\ps\custom_atcmd_parse.c
custom\common\ps\custom_ehplmn_config.c
custom\common\ps\custom_em.c
custom\common\ps\custom_em_dummyDrv.c
custom\common\ps\custom_ems_context.c
custom\common\ps\custom_flc_config.c
custom\common\ps\custom_gas_config.c
custom\common\ps\custom_gprs_pdp_config.c
custom\common\ps\custom_gprs_pdp_timer_config.c
custom\common\ps\custom_gprs_pdp_value_check.c
custom\common\ps\custom_l4_utility.c
custom\common\ps\custom_led_patterns.c
custom\common\ps\custom_mm_config.c
custom\common\ps\custom_nvram_extra.c
custom\common\ps\custom_recovery_timer.c
custom\common\ps\custom_rrce_config.c
custom\common\ps\custom_sms_config.c
custom\common\ps\custom_uem.c
custom\common\ps\custom_ups_config.c
custom\common\ps\customer_at_command.c
custom\common\ps\customer_band_block_default_setting.c
custom\common\ps\customer_cm_retry_count.c
custom\common\ps\customer_cmux_setting.c
custom\common\ps\customer_l4c_msghdlr.c
custom\common\ps\customer_operator_name.c
custom\common\ps\customer_pwr_level_report.c
custom\common\ps\customer_sms_discard_patent.c
custom\common\ps\customer_sms_msg_box_num.c
custom\common\ps\customer_sms_prefer_order.c
custom\common\ps\customer_sms_tl_retry.c
custom\common\ps\lmmi_ind.c
custom\common\ps\lmmi_rsp.c
custom\common\ps\supc_common_config.c
custom\common\ps\ul1_nvram_def.c
custom\common\resource_audio.c
custom\common\syncml_common_customize.c
custom\common\userprofile_nvram_def.c
custom\drv\Ext_Drv_Assert_Hdlr\ext_drv_assert_hdlr_if.c
custom\drv\LCD\GXQ03D_M2M_11C_LCM\lcd.c
custom\drv\ast\ast_hif_hw.c
custom\drv\bluetooth\GXQ03D_M2M_11C_BB\btmtk_config.c
custom\drv\color\GXQ03D_M2M_11C_LCM\color_custom.c
custom\drv\common_drv\gpio_setting.c
custom\drv\common_drv\nld_central_ctrl.c
custom\drv\common_drv\pwic_cust.c
custom\drv\fmr\default_bb\AR1000.c
custom\drv\fmr\default_bb\MT5192FM.c
custom\drv\fmr\default_bb\MT5193FM.c
custom\drv\fmr\default_bb\MT6188.c
custom\drv\fmr\default_bb\MT6189.c
custom\drv\fmr\default_bb\MT6616.c
custom\drv\fmr\default_bb\MT6626.c
custom\drv\fmr\default_bb\fmr_sw_features.c
custom\drv\gps\GXQ03D_M2M_11C_BB\gpsmtk_config.c
custom\drv\measure\battery_measure.c
custom\drv\measure\eint_measure.c
custom\drv\measure\gpio_measure.c
custom\drv\measure\lcd_measure.c
custom\drv\measure\pwm_measure.c
custom\drv\misc_drv\GXQ03D_M2M_11C_BB\alerterdrv.c
custom\drv\misc_drv\GXQ03D_M2M_11C_BB\custom_equipment.c
custom\drv\misc_drv\GXQ03D_M2M_11C_BB\eint_def.c
custom\drv\misc_drv\GXQ03D_M2M_11C_BB\exif_custom.c
custom\drv\misc_drv\GXQ03D_M2M_11C_BB\irda_custom.c
custom\drv\misc_drv\GXQ03D_M2M_11C_BB\msdc_custom.c
custom\drv\misc_drv\_DEFAULT_BB\MT6261\MT6302_custom.c
custom\drv\misc_drv\_DEFAULT_BB\MT6261\MT6306_custom.c
custom\drv\misc_drv\_DEFAULT_BB\MT6261\adc_channel.c
custom\drv\misc_drv\_DEFAULT_BB\MT6261\alerter_tone.c
custom\drv\misc_drv\_DEFAULT_BB\MT6261\aux_custom.c
custom\drv\misc_drv\_DEFAULT_BB\MT6261\chr_parameter.c
custom\drv\misc_drv\_DEFAULT_BB\MT6261\custom_drv_init.c
custom\drv\misc_drv\_DEFAULT_BB\MT6261\custom_hw_default.c
custom\drv\misc_drv\_DEFAULT_BB\MT6261\custom_sim_driver.c
custom\drv\misc_drv\_DEFAULT_BB\MT6261\gpio_drv.c
custom\drv\misc_drv\_DEFAULT_BB\MT6261\keypad_def.c
custom\drv\misc_drv\_DEFAULT_BB\MT6261\pmic_custom.c
custom\drv\misc_drv\_DEFAULT_BB\MT6261\pmu_custom.c
custom\drv\misc_drv\_DEFAULT_BB\MT6261\pwmdrv.c
custom\drv\misc_drv\_DEFAULT_BB\MT6261\pxs_custom.c
custom\drv\misc_drv\_DEFAULT_BB\MT6261\rtc_custom.c
custom\drv\misc_drv\_DEFAULT_BB\MT6261\touch_panel_custom.c
custom\drv\misc_drv\_DEFAULT_BB\MT6261\touch_panel_spi.c
custom\drv\misc_drv\_DEFAULT_BB\MT6261\uart_def.c
custom\drv\misc_drv\_DEFAULT_BB\MT6261\uem_gpio.c
custom\drv\misc_drv\_DEFAULT_BB\MT6261\usb_custom.c
custom\drv\track_sensor\BMA250\bma250.c
custom\drv\track_sensor\BMA250\track_sensor_bma250.c
custom\drv\track_sensor\DA213\track_sensor_da213.c
custom\drv\track_sensor\KXTJ31057\track_sensor_kxtj31057.c
custom\drv\track_sensor\SC7A20\track_sensor_sc7a20.c
custom\drv\track_sensor\track_sensor_iic\track_sensor_iic.c
custom\drv\wifi\GXQ03D_M2M_11C_BB\wndrv_configure.c
custom\l1_rf\MT2503RF_CUSTOM\m12193.c
custom\meta\GXQ03D_M2M_11C_BB\ft_customize.c
custom\ps\GXQ03D_M2M_11C_BB\Customer_sim_voltage_support.c
custom\ps\GXQ03D_M2M_11C_BB\custom_poc_config.c
custom\ps\GXQ03D_M2M_11C_BB\customer_supc_config.c
custom\system\GXQ03D_M2M_11C_BB\custom_blconfig.c
custom\system\GXQ03D_M2M_11C_BB\custom_config.c
custom\system\GXQ03D_M2M_11C_BB\custom_demp.c
custom\system\GXQ03D_M2M_11C_BB\custom_fota.c
custom\system\GXQ03D_M2M_11C_BB\custom_img_config.c
custom\system\GXQ03D_M2M_11C_BB\custom_jump_tbl.c
custom\system\GXQ03D_M2M_11C_BB\custom_scatstruct.c
custom\system\GXQ03D_M2M_11C_BB\custom_scatstruct_fota.c
custom\system\GXQ03D_M2M_11C_BB\custom_sds_dp.c
custom\system\GXQ03D_M2M_11C_BB\custom_tsconfig.c
custom\system\GXQ03D_M2M_11C_BB\custom_util.c
custom\system\GXQ03D_M2M_11C_BB\fs_config.c
custom\system\GXQ03D_M2M_11C_BB\maui_MBA_info.c
custom\system\GXQ03D_M2M_11C_BB\resource_custpack_preamble.c
custom\system\GXQ03D_M2M_11C_BB\resource_lang_pack_preamble.c
custom\tst\tst_custom_config_misc.c
custom\tst\tst_export_config.c
custom\tst\tst_file_log_write.c
custom\tst\tst_file_trans_export.c
custom\tst\tst_file_transferrer.c
custom\video\default\hal_custom_video_if.c
