hal\graphics\bfc\src\bfc_decode_api.c
hal\graphics\bfc\src\bfc_decode_feature_switch.c
hal\graphics\color\common\src\color_api.c
hal\graphics\color\common\src\color_drv_null_driver.c
hal\graphics\color\hw\src\color_drv_6260_series.c
hal\graphics\container\ivlw_decoder.c
hal\graphics\container\ivlw_encoder.c
hal\graphics\container\lwp_decoder.c
hal\graphics\container\mav_decoder.c
hal\graphics\container\mav_encoder.c
hal\graphics\g2d\common\src\g2d_bitblt_api.c
hal\graphics\g2d\common\src\g2d_common_api.c
hal\graphics\g2d\common\src\g2d_font_api.c
hal\graphics\g2d\common\src\g2d_mutex.c
hal\graphics\g2d\common\src\g2d_overlay_api.c
hal\graphics\g2d\common\src\g2d_rectfill_api.c
hal\graphics\g2d\hw\src\g2d_drv_bitblt_6260_series.c
hal\graphics\g2d\hw\src\g2d_drv_common_6260_series.c
hal\graphics\g2d\hw\src\g2d_drv_font_6260_series.c
hal\graphics\g2d\hw\src\g2d_drv_lt_6260_series.c
hal\graphics\g2d\hw\src\g2d_drv_overlay_6260_series.c
hal\graphics\g2d\hw\src\g2d_drv_rectfill_6260_series.c
hal\graphics\ipp\src\ipp_interface.c
hal\graphics\jpeg\common\src\jpeg_drv_null_driver.c
hal\graphics\jpeg\common\src\jpeg_mem_check.c
hal\graphics\jpeg\common\src\jpeg_misc_api.c
hal\graphics\jpeg\encode\common\src\jpeg_encode_api.c
hal\graphics\jpeg\exif\src\exif_enc_api.c
hal\graphics\jpeg\exif\src\exif_enc_wrapper.c
hal\graphics\jpeg\exif\src\exif_legacy.c
hal\graphics\jpeg\jaia\src\jaia_api.c
hal\graphics\jpeg\jaia\src\jaia_utility.c
hal\graphics\misc\src\drv_gfx_codec_limitation.c
hal\graphics\misc\src\drv_gfx_dct_control.c
hal\graphics\misc\src\drv_gfx_dynamic_switch.c
hal\graphics\misc\src\drv_gfx_hisr_ctrl.c
hal\graphics\misc\src\drv_gfx_l1sm_ctrl.c
hal\graphics\misc\src\drv_gfx_stack_switch_manager.c
hal\graphics\misc\src\rs_buffer.c
hal\graphics\misc\src\simple_memory_manager.c
hal\graphics\png\common\src\png_decode_api.c
hal\graphics\png\common\src\png_decode_int.c
hal\graphics\png\hw\src\png_decoder_int_hw.c
hal\graphics\png\hw\src\png_drv_6268_series.c
hal\graphics\png\hw\src\png_drv_6276_series.c
hal\graphics\png\sw\src\png_decoder_int_sw.c
hal\graphics\resizer\rgb_resizer\common\src\rgb_resizer_api.c
hal\graphics\resizer\rgb_resizer\hw\src\rgb_resizer_int_hw.c
hal\graphics\resizer\rgb_resizer\sw\src\rgb_resizer_int_sw.c
hal\graphics\rotator\rgb_rotator\common\src\rgb_rotator_api.c
hal\graphics\rotator\rgb_rotator\hw\src\rgb_rotator_int_hw.c
hal\graphics\rotator\rgb_rotator\sw\src\rgb_rotator_int_sw.c
hal\graphics\rotator\yuv_rotator\common\src\yuv_rotator_api.c
hal\graphics\rotator\yuv_rotator\hw\src\yuv_rotator_int_hw.c
hal\graphics\rotator\yuv_rotator\sw\src\yuv_rotator_int_sw.c
