usb\src\otg.c
usb\src\ptp_state.c
usb\src\usb.c
usb\src\usb_adap.c
usb\src\usb_debug_tool.c
usb\src\usb_host_acm_drv.c
usb\src\usb_host_default_drv.c
usb\src\usb_host_ms_adap.c
usb\src\usb_host_ms_drv.c
usb\src\usb_host_ms_state.c
usb\src\usb_mode.c
usb\src\usb_resource.c
usb\src\usb_task.c
usb\src\usbacm_adap.c
usb\src\usbacm_drv.c
usb\src\usbacm_echo.c
usb\src\usbacm_ft.c
usb\src\usbacm_logging.c
usb\src\usbd.c
usb\src\usbimage_drv.c
usb\src\usbimage_mtp_state.c
usb\src\usbms_adap.c
usb\src\usbms_drv.c
usb\src\usbms_state.c
usb\src\usbvideo_drv.c
usb\src\usbvideo_state.c
