hal\peripheral\src\DclH_kbd.c
hal\peripheral\src\DclS_kbd.c
hal\peripheral\src\Dcl_SeriPortDrv.c
hal\peripheral\src\Dcl_extuartdrv.c
hal\peripheral\src\accdet.c
hal\peripheral\src\adc.c
hal\peripheral\src\adc_msg_handle.c
hal\peripheral\src\adcmeasure.c
hal\peripheral\src\adcsche.c
hal\peripheral\src\alerter.c
hal\peripheral\src\auxmain.c
hal\peripheral\src\dbgprint.c
hal\peripheral\src\dcl_adc.c
hal\peripheral\src\dcl_aux.c
hal\peripheral\src\dcl_chr_det.c
hal\peripheral\src\dcl_common.c
hal\peripheral\src\dcl_eint.c
hal\peripheral\src\dcl_f32k_clk.c
hal\peripheral\src\dcl_gpio.c
hal\peripheral\src\dcl_gpt.c
hal\peripheral\src\dcl_gpt_hw.c
hal\peripheral\src\dcl_hts.c
hal\peripheral\src\dcl_i2c.c
hal\peripheral\src\dcl_i2c_dual.c
hal\peripheral\src\dcl_irda.c
hal\peripheral\src\dcl_pfc.c
hal\peripheral\src\dcl_pmu.c
hal\peripheral\src\dcl_pmu6261.c
hal\peripheral\src\dcl_pmu6261_init.c
hal\peripheral\src\dcl_pmu_common.c
hal\peripheral\src\dcl_pw.c
hal\peripheral\src\dcl_pwm.c
hal\peripheral\src\dcl_pxs.c
hal\peripheral\src\dcl_rtc.c
hal\peripheral\src\dcl_spi_slave.c
hal\peripheral\src\dcl_sts.c
hal\peripheral\src\dcl_wdt.c
hal\peripheral\src\drv_comm.c
hal\peripheral\src\drv_hisr.c
hal\peripheral\src\ext_uart.c
hal\peripheral\src\ext_uart_handler.c
hal\peripheral\src\f32k_clk.c
hal\peripheral\src\gpio.c
hal\peripheral\src\gpt_udvt_test.c
hal\peripheral\src\hif_legacy.c
hal\peripheral\src\hif_v1.c
hal\peripheral\src\hif_v2.c
hal\peripheral\src\i2c.c
hal\peripheral\src\i2c_dual.c
hal\peripheral\src\i2c_udvt_test.c
hal\peripheral\src\kbd_jogball.c
hal\peripheral\src\kbdmain.c
hal\peripheral\src\lpwr.c
hal\peripheral\src\motion_sensor.c
hal\peripheral\src\nli_arb.c
hal\peripheral\src\pfc.c
hal\peripheral\src\pwm.c
hal\peripheral\src\rtc.c
hal\peripheral\src\rwg.c
hal\peripheral\src\spi.c
hal\peripheral\src\spi_hal.c
hal\peripheral\src\spi_slave.c
hal\peripheral\src\sw_keypad.c
hal\peripheral\src\touch_panel.c
hal\peripheral\src\touch_panel_main.c
hal\peripheral\src\ts_drv.c
hal\peripheral\src\uart.c
hal\peripheral\src\uart_handler.c
hal\peripheral\src\uart_vfifo.c
hal\peripheral\src\wdt.c
